<!DOCTYPE html PUBLIC "-//W3C//DTD XHTML 1.1//EN" "https://www.w3.org/TR/xhtml11/DTD/xhtml11.dtd">
<html xmlns="https://www.w3.org/1999/xhtml">
<head>
<meta http-equiv="content-type" content="text/html; charset=UTF-8"/>
<title>TestNG Report</title>
<style type="text/css">table {margin-bottom:10px;border-collapse:collapse;empty-cells:show}th,td {border:1px solid #009;padding:.25em .5em}th {vertical-align:bottom}td {vertical-align:top}table a {font-weight:bold}.stripe td {background-color: #E6EBF9}.num {text-align:right}.passedodd td {background-color: #3F3}.passedeven td {background-color: #0A0}.skippedodd td {background-color: #DDD}.skippedeven td {background-color: #CCC}.failedodd td,.attn {background-color: #F33}.failedeven td,.stripe .attn {background-color: #D00}.stacktrace {white-space:pre;font-family:monospace}.totop {font-size:85%;text-align:center;border-bottom:2px solid #000}.invisible {display:none}</style>
</head>
<body>
<table>
<tr><th>Test</th><th># Passed</th><th># Skipped</th><th># Retried</th><th># Failed</th><th>Time (ms)</th><th>Included Groups</th><th>Excluded Groups</th></tr>
<tr><th colspan="8">Command line suite</th></tr>
<tr><td><a href="#t0">Command line test</a></td><td class="num">1</td><td class="num attn">5</td><td class="num">0</td><td class="num attn">49</td><td class="num">26,773</td><td></td><td></td></tr>
</table>
<table id='summary'><thead><tr><th>Class</th><th>Method</th><th>Start</th><th>Time (ms)</th></tr></thead><tbody><tr><th colspan="4">Command line suite</th></tr></tbody><tbody id="t0"><tr><th colspan="4">Command line test &#8212; failed</th></tr><tr class="failedeven"><td rowspan="1">com.projtest.api.GetUsersTest</td><td><a href="#m0">getUserByPageNumber</a></td><td rowspan="1">1671957819552</td><td rowspan="1">2868</td></tr><tr class="failedodd"><td rowspan="1">com.projtest.api.Post_or_CreateNewUserTest</td><td><a href="#m1">createNewUser</a></td><td rowspan="1">1671957822437</td><td rowspan="1">289</td></tr><tr class="failedeven"><td rowspan="6">com.projtest.api.practice.dataProvidertest.DataProviderTest</td><td><a href="#m2">dpTest</a></td><td rowspan="3">1671957822745</td><td rowspan="3">1</td></tr><tr class="failedeven"><td><a href="#m3">dpTest</a></td></tr><tr class="failedeven"><td><a href="#m4">dpTest</a></td></tr><tr class="failedeven"><td><a href="#m5">testDemo</a></td><td rowspan="3">1671957822751</td><td rowspan="3">0</td></tr><tr class="failedeven"><td><a href="#m6">testDemo</a></td></tr><tr class="failedeven"><td><a href="#m7">testDemo</a></td></tr><tr class="failedodd"><td rowspan="2">com.projtest.api.practice.fileUpload.FileUploadTest</td><td><a href="#m8">uploadPetImage</a></td><td rowspan="1">1671957822730</td><td rowspan="1">3</td></tr><tr class="failedodd"><td><a href="#m9">validatePojoToJson</a></td><td rowspan="1">1671957822735</td><td rowspan="1">1</td></tr><tr class="failedeven"><td rowspan="1">com.projtest.api.practice.pojolibtest.serialization.PojoArrayObjectTest</td><td><a href="#m10">serialization</a></td><td rowspan="1">1671957822772</td><td rowspan="1">0</td></tr><tr class="failedodd"><td rowspan="1">com.projtest.api.practice.pojolibtest.serialization.PojoLibTest</td><td><a href="#m11">serialization</a></td><td rowspan="1">1671957822774</td><td rowspan="1">0</td></tr><tr class="failedeven"><td rowspan="1">com.projtest.api.practice.pojolibtest.serialization.PojoMultipleArrayObjectTest</td><td><a href="#m12">serialization</a></td><td rowspan="1">1671957822770</td><td rowspan="1">0</td></tr><tr class="failedodd"><td rowspan="1">com.projtest.api.practice.reporttest.PostResourceTest</td><td><a href="#m13">postResource</a></td><td rowspan="1">1671957822763</td><td rowspan="1">5</td></tr><tr class="failedeven"><td rowspan="3">com.projtest.api.practice.samplepetstore.BuilderDesignPatternTest</td><td><a href="#m14">builderPattern</a></td><td rowspan="1">1671957822758</td><td rowspan="1">1</td></tr><tr class="failedeven"><td><a href="#m15">builderPattern1</a></td><td rowspan="1">1671957822760</td><td rowspan="1">0</td></tr><tr class="failedeven"><td><a href="#m16">builderPattern11</a></td><td rowspan="1">1671957822762</td><td rowspan="1">0</td></tr><tr class="failedodd"><td rowspan="4">com.projtest.mobile.demotest.DateTest</td><td><a href="#m17">customdateformate</a></td><td rowspan="1">1671957797602</td><td rowspan="1">0</td></tr><tr class="failedodd"><td><a href="#m18">run</a></td><td rowspan="1">1671957797606</td><td rowspan="1">0</td></tr><tr class="failedodd"><td><a href="#m19">sample</a></td><td rowspan="1">1671957797607</td><td rowspan="1">0</td></tr><tr class="failedodd"><td><a href="#m20">splitdate</a></td><td rowspan="1">1671957797609</td><td rowspan="1">0</td></tr><tr class="failedeven"><td rowspan="1">com.projtest.mobile.demotest.SampleTest</td><td><a href="#m21">test</a></td><td rowspan="1">1671957819439</td><td rowspan="1">2</td></tr><tr class="failedodd"><td rowspan="1">com.projtest.web.SampleTest</td><td><a href="#m22">test</a></td><td rowspan="1">1671957797260</td><td rowspan="1">72</td></tr><tr class="failedeven"><td rowspan="2">java8.TestAssignment</td><td><a href="#m23">testLinks</a></td><td rowspan="1">1671957796380</td><td rowspan="1">6</td></tr><tr class="failedeven"><td><a href="#m24">testLinks1</a></td><td rowspan="1">1671957796408</td><td rowspan="1">0</td></tr><tr class="failedodd"><td rowspan="2">javaPrectice.TestAssignment</td><td><a href="#m25">testLinks</a></td><td rowspan="1">1671957797227</td><td rowspan="1">0</td></tr><tr class="failedodd"><td><a href="#m26">testLinks1</a></td><td rowspan="1">1671957797228</td><td rowspan="1">1</td></tr><tr class="failedeven"><td rowspan="9">sdet.testdatasupplier.UseCase1Test</td><td><a href="#m27">testDemo</a></td><td rowspan="3">1671957796459</td><td rowspan="3">0</td></tr><tr class="failedeven"><td><a href="#m28">testDemo</a></td></tr><tr class="failedeven"><td><a href="#m29">testDemo</a></td></tr><tr class="failedeven"><td><a href="#m30">testDemo1</a></td><td rowspan="3">1671957796537</td><td rowspan="3">0</td></tr><tr class="failedeven"><td><a href="#m31">testDemo1</a></td></tr><tr class="failedeven"><td><a href="#m32">testDemo1</a></td></tr><tr class="failedeven"><td><a href="#m33">testDemo2</a></td><td rowspan="2">1671957796560</td><td rowspan="2">0</td></tr><tr class="failedeven"><td><a href="#m34">testDemo2</a></td></tr><tr class="failedeven"><td><a href="#m35">testDemo3</a></td><td rowspan="1">1671957796574</td><td rowspan="1">0</td></tr><tr class="failedodd"><td rowspan="7">sdet.testdatasupplier.UseCase2Test</td><td><a href="#m36">readCsv</a></td><td rowspan="2">1671957796612</td><td rowspan="2">1</td></tr><tr class="failedodd"><td><a href="#m37">readCsv</a></td></tr><tr class="failedodd"><td><a href="#m38">readjson</a></td><td rowspan="5">1671957796778</td><td rowspan="5">0</td></tr><tr class="failedodd"><td><a href="#m39">readjson</a></td></tr><tr class="failedodd"><td><a href="#m40">readjson</a></td></tr><tr class="failedodd"><td><a href="#m41">readjson</a></td></tr><tr class="failedodd"><td><a href="#m42">readjson</a></td></tr><tr class="failedeven"><td rowspan="6">sdet.testdatasupplier.UseCase3Test</td><td><a href="#m43">testDemo</a></td><td rowspan="3">1671957797036</td><td rowspan="3">0</td></tr><tr class="failedeven"><td><a href="#m44">testDemo</a></td></tr><tr class="failedeven"><td><a href="#m45">testDemo</a></td></tr><tr class="failedeven"><td><a href="#m46">testDemo1</a></td><td rowspan="3">1671957797079</td><td rowspan="3">0</td></tr><tr class="failedeven"><td><a href="#m47">testDemo1</a></td></tr><tr class="failedeven"><td><a href="#m48">testDemo1</a></td></tr><tr><th colspan="4">Command line test &#8212; skipped</th></tr><tr class="skippedeven"><td rowspan="1">sdet.externalfilereading.excelfile.zerocell.ZerocellTestDataTest</td><td><a href="#m49">zerocell</a></td><td rowspan="1">1671957796453</td><td rowspan="1">0</td></tr><tr class="skippedodd"><td rowspan="1">sdet.fixtures.PostEmployeeTest</td><td><a href="#m50">postEmployeeTest</a></td><td rowspan="1">1671957797223</td><td rowspan="1">0</td></tr><tr class="skippedeven"><td rowspan="3">sdet.testdatasupplier.UseCase2Test</td><td><a href="#m51">readXlsx</a></td><td rowspan="1">1671957796654</td><td rowspan="1">0</td></tr><tr class="skippedeven"><td><a href="#m52">suraj2</a></td><td rowspan="1">1671957796809</td><td rowspan="1">0</td></tr><tr class="skippedeven"><td><a href="#m53">testDemo</a></td><td rowspan="1">1671957797011</td><td rowspan="1">0</td></tr><tr><th colspan="4">Command line test &#8212; passed</th></tr><tr class="passedeven"><td rowspan="1">com.projtest.mobile.demotest.LoginPageTest</td><td><a href="#m54">homePageValidation</a></td><td rowspan="1">1671957819549</td><td rowspan="1">1</td></tr></tbody>
</table>
<h2>Command line test</h2><h3 id="m0">com.projtest.api.GetUsersTest#getUserByPageNumber</h3><table class="result"><tr><th>Exception</th></tr><tr><td><div class="stacktrace">java.net.URISyntaxException: Illegal character in path at index 30: https://petstore.swagger.io/v2&quot;
	at java.base/java.net.URI$Parser.fail(URI.java:2913)
	at java.base/java.net.URI$Parser.checkChars(URI.java:3084)
	at java.base/java.net.URI$Parser.parseHierarchical(URI.java:3166)
	at java.base/java.net.URI$Parser.parse(URI.java:3114)
	at java.base/java.net.URI.&lt;init&gt;(URI.java:600)
	at org.codehaus.groovy.runtime.callsite.ConstructorSite$ConstructorSiteNoUnwrapNoCoerce.callConstructor(ConstructorSite.java:105)
	at org.codehaus.groovy.runtime.callsite.CallSiteArray.defaultCallConstructor(CallSiteArray.java:59)
	at org.codehaus.groovy.runtime.callsite.AbstractCallSite.callConstructor(AbstractCallSite.java:263)
	at org.codehaus.groovy.runtime.callsite.AbstractCallSite.callConstructor(AbstractCallSite.java:277)
	at io.restassured.internal.RequestSpecificationImpl.getTargetPath(RequestSpecificationImpl.groovy:1361)
	at groovy.lang.MetaMethod.doMethodInvoke(MetaMethod.java:323)
	at groovy.lang.MetaClassImpl.invokeMethod(MetaClassImpl.java:1268)
	at groovy.lang.MetaClassImpl.invokeMethod(MetaClassImpl.java:1035)
	at groovy.lang.MetaClassImpl.invokeMethod(MetaClassImpl.java:819)
	at groovy.lang.GroovyObject.invokeMethod(GroovyObject.java:39)
	at org.codehaus.groovy.runtime.callsite.PogoInterceptableSite.call(PogoInterceptableSite.java:45)
	at org.codehaus.groovy.runtime.callsite.PogoInterceptableSite.callCurrent(PogoInterceptableSite.java:55)
	at org.codehaus.groovy.runtime.callsite.CallSiteArray.defaultCallCurrent(CallSiteArray.java:51)
	at org.codehaus.groovy.runtime.callsite.AbstractCallSite.callCurrent(AbstractCallSite.java:171)
	at org.codehaus.groovy.runtime.callsite.AbstractCallSite.callCurrent(AbstractCallSite.java:185)
	at io.restassured.internal.RequestSpecificationImpl.partiallyApplyPathParams(RequestSpecificationImpl.groovy:1701)
	at groovy.lang.MetaMethod.doMethodInvoke(MetaMethod.java:323)
	at groovy.lang.MetaClassImpl.invokeMethod(MetaClassImpl.java:1268)
	at groovy.lang.MetaClassImpl.invokeMethod(MetaClassImpl.java:1035)
	at groovy.lang.MetaClassImpl.invokeMethod(MetaClassImpl.java:819)
	at groovy.lang.GroovyObject.invokeMethod(GroovyObject.java:39)
	at org.codehaus.groovy.runtime.callsite.PogoInterceptableSite.call(PogoInterceptableSite.java:45)
	at org.codehaus.groovy.runtime.callsite.PogoInterceptableSite.callCurrent(PogoInterceptableSite.java:55)
	at org.codehaus.groovy.runtime.callsite.CallSiteArray.defaultCallCurrent(CallSiteArray.java:51)
	at org.codehaus.groovy.runtime.callsite.AbstractCallSite.callCurrent(AbstractCallSite.java:171)
	at org.codehaus.groovy.runtime.callsite.AbstractCallSite.callCurrent(AbstractCallSite.java:203)
	at io.restassured.internal.RequestSpecificationImpl.newFilterContext(RequestSpecificationImpl.groovy:1065)
	at groovy.lang.MetaMethod.doMethodInvoke(MetaMethod.java:323)
	at groovy.lang.MetaClassImpl.invokeMethod(MetaClassImpl.java:1268)
	at groovy.lang.MetaClassImpl.invokeMethod(MetaClassImpl.java:1035)
	at groovy.lang.MetaClassImpl.invokeMethod(MetaClassImpl.java:819)
	at groovy.lang.GroovyObject.invokeMethod(GroovyObject.java:39)
	at org.codehaus.groovy.runtime.callsite.PogoInterceptableSite.call(PogoInterceptableSite.java:45)
	at org.codehaus.groovy.runtime.callsite.PogoInterceptableSite.callCurrent(PogoInterceptableSite.java:55)
	at org.codehaus.groovy.runtime.callsite.CallSiteArray.defaultCallCurrent(CallSiteArray.java:51)
	at org.codehaus.groovy.runtime.callsite.AbstractCallSite.callCurrent(AbstractCallSite.java:171)
	at org.codehaus.groovy.runtime.callsite.AbstractCallSite.callCurrent(AbstractCallSite.java:203)
	at io.restassured.internal.RequestSpecificationImpl.applyPathParamsAndSendRequest(RequestSpecificationImpl.groovy:1670)
	at groovy.lang.MetaMethod.doMethodInvoke(MetaMethod.java:323)
	at groovy.lang.MetaClassImpl.invokeMethod(MetaClassImpl.java:1268)
	at groovy.lang.MetaClassImpl.invokeMethod(MetaClassImpl.java:1035)
	at groovy.lang.MetaClassImpl.invokeMethod(MetaClassImpl.java:819)
	at groovy.lang.GroovyObject.invokeMethod(GroovyObject.java:39)
	at org.codehaus.groovy.runtime.callsite.PogoInterceptableSite.call(PogoInterceptableSite.java:45)
	at org.codehaus.groovy.runtime.callsite.PogoInterceptableSite.callCurrent(PogoInterceptableSite.java:55)
	at org.codehaus.groovy.runtime.callsite.CallSiteArray.defaultCallCurrent(CallSiteArray.java:51)
	at org.codehaus.groovy.runtime.callsite.AbstractCallSite.callCurrent(AbstractCallSite.java:171)
	at org.codehaus.groovy.runtime.callsite.AbstractCallSite.callCurrent(AbstractCallSite.java:203)
	at io.restassured.internal.RequestSpecificationImpl.applyPathParamsAndSendRequest(RequestSpecificationImpl.groovy:1678)
	at groovy.lang.MetaMethod.doMethodInvoke(MetaMethod.java:323)
	at groovy.lang.MetaClassImpl.invokeMethod(MetaClassImpl.java:1268)
	at groovy.lang.MetaClassImpl.invokeMethod(MetaClassImpl.java:1035)
	at groovy.lang.MetaClassImpl.invokeMethod(MetaClassImpl.java:819)
	at groovy.lang.GroovyObject.invokeMethod(GroovyObject.java:39)
	at org.codehaus.groovy.runtime.callsite.PogoInterceptableSite.call(PogoInterceptableSite.java:45)
	at org.codehaus.groovy.runtime.callsite.PogoInterceptableSite.callCurrent(PogoInterceptableSite.java:55)
	at org.codehaus.groovy.runtime.callsite.CallSiteArray.defaultCallCurrent(CallSiteArray.java:51)
	at org.codehaus.groovy.runtime.callsite.AbstractCallSite.callCurrent(AbstractCallSite.java:171)
	at org.codehaus.groovy.runtime.callsite.AbstractCallSite.callCurrent(AbstractCallSite.java:203)
	at io.restassured.internal.RequestSpecificationImpl.get(RequestSpecificationImpl.groovy:173)
	at io.restassured.internal.RequestSpecificationImpl.get(RequestSpecificationImpl.groovy)
	at com.proj.api.GetUsers.getUser(GetUsers.java:17)
	at com.projtest.api.GetUsersTest.getUserByPageNumber(GetUsersTest.java:14)
	at java.base/java.util.ArrayList.forEach(ArrayList.java:1541)
... Removed 67 stack frames</div></td></tr></table><p class="totop"><a href="#summary">back to summary</a></p>
<h3 id="m1">com.projtest.api.Post_or_CreateNewUserTest#createNewUser</h3><table class="result"><tr><th>Exception</th></tr><tr><td><div class="stacktrace">java.net.URISyntaxException: Illegal character in path at index 30: https://petstore.swagger.io/v2&quot;
	at java.base/java.net.URI$Parser.fail(URI.java:2913)
	at java.base/java.net.URI$Parser.checkChars(URI.java:3084)
	at java.base/java.net.URI$Parser.parseHierarchical(URI.java:3166)
	at java.base/java.net.URI$Parser.parse(URI.java:3114)
	at java.base/java.net.URI.&lt;init&gt;(URI.java:600)
	at org.codehaus.groovy.runtime.callsite.ConstructorSite$ConstructorSiteNoUnwrapNoCoerce.callConstructor(ConstructorSite.java:105)
	at org.codehaus.groovy.runtime.callsite.AbstractCallSite.callConstructor(AbstractCallSite.java:277)
	at io.restassured.internal.RequestSpecificationImpl.getTargetPath(RequestSpecificationImpl.groovy:1361)
	at groovy.lang.MetaMethod.doMethodInvoke(MetaMethod.java:323)
	at groovy.lang.MetaClassImpl.invokeMethod(MetaClassImpl.java:1268)
	at groovy.lang.MetaClassImpl.invokeMethod(MetaClassImpl.java:1035)
	at groovy.lang.MetaClassImpl.invokeMethod(MetaClassImpl.java:819)
	at groovy.lang.GroovyObject.invokeMethod(GroovyObject.java:39)
	at org.codehaus.groovy.runtime.callsite.PogoInterceptableSite.call(PogoInterceptableSite.java:45)
	at org.codehaus.groovy.runtime.callsite.PogoInterceptableSite.callCurrent(PogoInterceptableSite.java:55)
	at org.codehaus.groovy.runtime.callsite.AbstractCallSite.callCurrent(AbstractCallSite.java:185)
	at io.restassured.internal.RequestSpecificationImpl.partiallyApplyPathParams(RequestSpecificationImpl.groovy:1701)
	at groovy.lang.MetaMethod.doMethodInvoke(MetaMethod.java:323)
	at groovy.lang.MetaClassImpl.invokeMethod(MetaClassImpl.java:1268)
	at groovy.lang.MetaClassImpl.invokeMethod(MetaClassImpl.java:1035)
	at groovy.lang.MetaClassImpl.invokeMethod(MetaClassImpl.java:819)
	at groovy.lang.GroovyObject.invokeMethod(GroovyObject.java:39)
	at org.codehaus.groovy.runtime.callsite.PogoInterceptableSite.call(PogoInterceptableSite.java:45)
	at org.codehaus.groovy.runtime.callsite.PogoInterceptableSite.callCurrent(PogoInterceptableSite.java:55)
	at org.codehaus.groovy.runtime.callsite.AbstractCallSite.callCurrent(AbstractCallSite.java:203)
	at io.restassured.internal.RequestSpecificationImpl.newFilterContext(RequestSpecificationImpl.groovy:1065)
	at groovy.lang.MetaMethod.doMethodInvoke(MetaMethod.java:323)
	at groovy.lang.MetaClassImpl.invokeMethod(MetaClassImpl.java:1268)
	at groovy.lang.MetaClassImpl.invokeMethod(MetaClassImpl.java:1035)
	at groovy.lang.MetaClassImpl.invokeMethod(MetaClassImpl.java:819)
	at groovy.lang.GroovyObject.invokeMethod(GroovyObject.java:39)
	at org.codehaus.groovy.runtime.callsite.PogoInterceptableSite.call(PogoInterceptableSite.java:45)
	at org.codehaus.groovy.runtime.callsite.PogoInterceptableSite.callCurrent(PogoInterceptableSite.java:55)
	at org.codehaus.groovy.runtime.callsite.AbstractCallSite.callCurrent(AbstractCallSite.java:203)
	at io.restassured.internal.RequestSpecificationImpl.applyPathParamsAndSendRequest(RequestSpecificationImpl.groovy:1670)
	at groovy.lang.MetaMethod.doMethodInvoke(MetaMethod.java:323)
	at groovy.lang.MetaClassImpl.invokeMethod(MetaClassImpl.java:1268)
	at groovy.lang.MetaClassImpl.invokeMethod(MetaClassImpl.java:1035)
	at groovy.lang.MetaClassImpl.invokeMethod(MetaClassImpl.java:819)
	at groovy.lang.GroovyObject.invokeMethod(GroovyObject.java:39)
	at org.codehaus.groovy.runtime.callsite.PogoInterceptableSite.call(PogoInterceptableSite.java:45)
	at org.codehaus.groovy.runtime.callsite.PogoInterceptableSite.callCurrent(PogoInterceptableSite.java:55)
	at org.codehaus.groovy.runtime.callsite.AbstractCallSite.callCurrent(AbstractCallSite.java:203)
	at io.restassured.internal.RequestSpecificationImpl.applyPathParamsAndSendRequest(RequestSpecificationImpl.groovy:1678)
	at groovy.lang.MetaMethod.doMethodInvoke(MetaMethod.java:323)
	at groovy.lang.MetaClassImpl.invokeMethod(MetaClassImpl.java:1268)
	at groovy.lang.MetaClassImpl.invokeMethod(MetaClassImpl.java:1035)
	at groovy.lang.MetaClassImpl.invokeMethod(MetaClassImpl.java:819)
	at groovy.lang.GroovyObject.invokeMethod(GroovyObject.java:39)
	at org.codehaus.groovy.runtime.callsite.PogoInterceptableSite.call(PogoInterceptableSite.java:45)
	at org.codehaus.groovy.runtime.callsite.PogoInterceptableSite.callCurrent(PogoInterceptableSite.java:55)
	at org.codehaus.groovy.runtime.callsite.CallSiteArray.defaultCallCurrent(CallSiteArray.java:51)
	at org.codehaus.groovy.runtime.callsite.AbstractCallSite.callCurrent(AbstractCallSite.java:171)
	at org.codehaus.groovy.runtime.callsite.AbstractCallSite.callCurrent(AbstractCallSite.java:203)
	at io.restassured.internal.RequestSpecificationImpl.post(RequestSpecificationImpl.groovy:177)
	at io.restassured.internal.RequestSpecificationImpl.post(RequestSpecificationImpl.groovy)
	at com.projtest.api.Post_or_CreateNewUserTest.createNewUser(Post_or_CreateNewUserTest.java:44)
	at java.base/java.util.ArrayList.forEach(ArrayList.java:1541)
... Removed 67 stack frames</div></td></tr></table><p class="totop"><a href="#summary">back to summary</a></p>
<h3 id="m2">com.projtest.api.practice.dataProvidertest.DataProviderTest#dpTest</h3><table class="result"><tr class="param"><th>Parameter #1</th></tr><tr class="param stripe"><td>{password=sdfhgdfsffghf, email=sdfsffdfgdhdf, username=sdfsfghf}</td></tr><tr><th>Exception</th></tr><tr><td><div class="stacktrace">java.lang.NullPointerException
	at com.proj.listeners.TestListenerImpl.onTestStart(TestListenerImpl.java:32)
	at java.base/java.util.ArrayList.forEach(ArrayList.java:1541)
... Removed 34 stack frames</div></td></tr></table><p class="totop"><a href="#summary">back to summary</a></p>
<h3 id="m3">com.projtest.api.practice.dataProvidertest.DataProviderTest#dpTest</h3><table class="result"><tr class="param"><th>Parameter #1</th></tr><tr class="param stripe"><td>{password=sdfsffghf, email=sdfsffdfgdhdf, username=sdfdgsf}</td></tr><tr><th>Exception</th></tr><tr><td><div class="stacktrace">java.lang.NullPointerException
	at com.proj.listeners.TestListenerImpl.onTestStart(TestListenerImpl.java:32)
	at java.base/java.util.ArrayList.forEach(ArrayList.java:1541)
... Removed 34 stack frames</div></td></tr></table><p class="totop"><a href="#summary">back to summary</a></p>
<h3 id="m4">com.projtest.api.practice.dataProvidertest.DataProviderTest#dpTest</h3><table class="result"><tr class="param"><th>Parameter #1</th></tr><tr class="param stripe"><td>{password=sdfsffghf, email=sdfsffdhdf, username=sdfsf}</td></tr><tr><th>Exception</th></tr><tr><td><div class="stacktrace">java.lang.NullPointerException
	at com.proj.listeners.TestListenerImpl.onTestStart(TestListenerImpl.java:32)
	at java.base/java.util.ArrayList.forEach(ArrayList.java:1541)
... Removed 34 stack frames</div></td></tr></table><p class="totop"><a href="#summary">back to summary</a></p>
<h3 id="m5">com.projtest.api.practice.dataProvidertest.DataProviderTest#testDemo</h3><table class="result"><tr class="param"><th>Parameter #1</th><th>Parameter #2</th><th>Parameter #3</th><th>Parameter #4</th><th>Parameter #5</th></tr><tr class="param stripe"><td>abcd</td><td>dfghsd</td><td>email0</td><td>address</td><td>responsecode</td></tr><tr><th colspan="5">Exception</th></tr><tr><td colspan="5"><div class="stacktrace">java.lang.NullPointerException
	at com.proj.listeners.TestListenerImpl.onTestStart(TestListenerImpl.java:32)
	at java.base/java.util.ArrayList.forEach(ArrayList.java:1541)
... Removed 34 stack frames</div></td></tr></table><p class="totop"><a href="#summary">back to summary</a></p>
<h3 id="m6">com.projtest.api.practice.dataProvidertest.DataProviderTest#testDemo</h3><table class="result"><tr class="param"><th>Parameter #1</th><th>Parameter #2</th><th>Parameter #3</th><th>Parameter #4</th><th>Parameter #5</th></tr><tr class="param stripe"><td>ijkl</td><td>dfgdfgdg</td><td>emaildg</td><td>address</td><td>responsecode</td></tr><tr><th colspan="5">Exception</th></tr><tr><td colspan="5"><div class="stacktrace">java.lang.NullPointerException
	at com.proj.listeners.TestListenerImpl.onTestStart(TestListenerImpl.java:32)
	at java.base/java.util.ArrayList.forEach(ArrayList.java:1541)
... Removed 34 stack frames</div></td></tr></table><p class="totop"><a href="#summary">back to summary</a></p>
<h3 id="m7">com.projtest.api.practice.dataProvidertest.DataProviderTest#testDemo</h3><table class="result"><tr class="param"><th>Parameter #1</th><th>Parameter #2</th><th>Parameter #3</th><th>Parameter #4</th><th>Parameter #5</th></tr><tr class="param stripe"><td>efgh</td><td>dsfgdfgsg</td><td>email6</td><td>address</td><td>responsecode</td></tr><tr><th colspan="5">Exception</th></tr><tr><td colspan="5"><div class="stacktrace">java.lang.NullPointerException
	at com.proj.listeners.TestListenerImpl.onTestStart(TestListenerImpl.java:32)
	at java.base/java.util.ArrayList.forEach(ArrayList.java:1541)
... Removed 34 stack frames</div></td></tr></table><p class="totop"><a href="#summary">back to summary</a></p>
<h3 id="m8">com.projtest.api.practice.fileUpload.FileUploadTest#uploadPetImage</h3><table class="result"><tr><th>Exception</th></tr><tr><td><div class="stacktrace">java.lang.NullPointerException
	at com.proj.listeners.TestListenerImpl.onTestStart(TestListenerImpl.java:32)
	at java.base/java.util.ArrayList.forEach(ArrayList.java:1541)
... Removed 34 stack frames</div></td></tr></table><p class="totop"><a href="#summary">back to summary</a></p>
<h3 id="m9">com.projtest.api.practice.fileUpload.FileUploadTest#validatePojoToJson</h3><table class="result"><tr><th>Exception</th></tr><tr><td><div class="stacktrace">java.lang.NullPointerException
	at com.proj.listeners.TestListenerImpl.onTestStart(TestListenerImpl.java:32)
	at java.base/java.util.ArrayList.forEach(ArrayList.java:1541)
... Removed 34 stack frames</div></td></tr></table><p class="totop"><a href="#summary">back to summary</a></p>
<h3 id="m10">com.projtest.api.practice.pojolibtest.serialization.PojoArrayObjectTest#serialization</h3><table class="result"><tr><th>Exception</th></tr><tr><td><div class="stacktrace">java.lang.NullPointerException
	at com.proj.listeners.TestListenerImpl.onTestStart(TestListenerImpl.java:32)
	at java.base/java.util.ArrayList.forEach(ArrayList.java:1541)
... Removed 34 stack frames</div></td></tr></table><p class="totop"><a href="#summary">back to summary</a></p>
<h3 id="m11">com.projtest.api.practice.pojolibtest.serialization.PojoLibTest#serialization</h3><table class="result"><tr><th>Exception</th></tr><tr><td><div class="stacktrace">java.lang.NullPointerException
	at com.proj.listeners.TestListenerImpl.onTestStart(TestListenerImpl.java:32)
	at java.base/java.util.ArrayList.forEach(ArrayList.java:1541)
... Removed 34 stack frames</div></td></tr></table><p class="totop"><a href="#summary">back to summary</a></p>
<h3 id="m12">com.projtest.api.practice.pojolibtest.serialization.PojoMultipleArrayObjectTest#serialization</h3><table class="result"><tr><th>Exception</th></tr><tr><td><div class="stacktrace">java.lang.NullPointerException
	at com.proj.listeners.TestListenerImpl.onTestStart(TestListenerImpl.java:32)
	at java.base/java.util.ArrayList.forEach(ArrayList.java:1541)
... Removed 34 stack frames</div></td></tr></table><p class="totop"><a href="#summary">back to summary</a></p>
<h3 id="m13">com.projtest.api.practice.reporttest.PostResourceTest#postResource</h3><table class="result"><tr><th>Exception</th></tr><tr><td><div class="stacktrace">java.nio.file.NoSuchFileException: ./src/test/resources/requestjsonfiles/postrequestfile.json
	at java.base/sun.nio.fs.UnixException.translateToIOException(UnixException.java:92)
	at java.base/sun.nio.fs.UnixException.rethrowAsIOException(UnixException.java:111)
	at java.base/sun.nio.fs.UnixException.rethrowAsIOException(UnixException.java:116)
	at java.base/sun.nio.fs.UnixFileSystemProvider.newByteChannel(UnixFileSystemProvider.java:219)
	at java.base/java.nio.file.Files.newByteChannel(Files.java:371)
	at java.base/java.nio.file.Files.newByteChannel(Files.java:422)
	at java.base/java.nio.file.Files.readAllBytes(Files.java:3206)
	at com.proj.utils.ApiUtils.readJsonAndGetAsString(ApiUtils.java:15)
	at com.projtest.api.practice.reporttest.PostResourceTest.postResource(PostResourceTest.java:22)
	at java.base/java.util.ArrayList.forEach(ArrayList.java:1541)
... Removed 37 stack frames</div></td></tr></table><p class="totop"><a href="#summary">back to summary</a></p>
<h3 id="m14">com.projtest.api.practice.samplepetstore.BuilderDesignPatternTest#builderPattern</h3><table class="result"><tr><th>Exception</th></tr><tr><td><div class="stacktrace">java.lang.NullPointerException
	at com.proj.listeners.TestListenerImpl.onTestStart(TestListenerImpl.java:32)
	at java.base/java.util.ArrayList.forEach(ArrayList.java:1541)
... Removed 34 stack frames</div></td></tr></table><p class="totop"><a href="#summary">back to summary</a></p>
<h3 id="m15">com.projtest.api.practice.samplepetstore.BuilderDesignPatternTest#builderPattern1</h3><table class="result"><tr><th>Exception</th></tr><tr><td><div class="stacktrace">java.lang.NullPointerException
	at com.proj.listeners.TestListenerImpl.onTestStart(TestListenerImpl.java:32)
	at java.base/java.util.ArrayList.forEach(ArrayList.java:1541)
... Removed 34 stack frames</div></td></tr></table><p class="totop"><a href="#summary">back to summary</a></p>
<h3 id="m16">com.projtest.api.practice.samplepetstore.BuilderDesignPatternTest#builderPattern11</h3><table class="result"><tr><th>Exception</th></tr><tr><td><div class="stacktrace">java.lang.NullPointerException
	at com.proj.listeners.TestListenerImpl.onTestStart(TestListenerImpl.java:32)
	at java.base/java.util.ArrayList.forEach(ArrayList.java:1541)
... Removed 34 stack frames</div></td></tr></table><p class="totop"><a href="#summary">back to summary</a></p>
<h3 id="m17">com.projtest.mobile.demotest.DateTest#customdateformate</h3><table class="result"><tr><th>Exception</th></tr><tr><td><div class="stacktrace">java.lang.NullPointerException
	at com.proj.listeners.TestListenerImpl.onTestStart(TestListenerImpl.java:32)
	at java.base/java.util.ArrayList.forEach(ArrayList.java:1541)
... Removed 34 stack frames</div></td></tr></table><p class="totop"><a href="#summary">back to summary</a></p>
<h3 id="m18">com.projtest.mobile.demotest.DateTest#run</h3><table class="result"><tr><th>Exception</th></tr><tr><td><div class="stacktrace">java.lang.NullPointerException
	at com.proj.listeners.TestListenerImpl.onTestStart(TestListenerImpl.java:32)
	at java.base/java.util.ArrayList.forEach(ArrayList.java:1541)
... Removed 34 stack frames</div></td></tr></table><p class="totop"><a href="#summary">back to summary</a></p>
<h3 id="m19">com.projtest.mobile.demotest.DateTest#sample</h3><table class="result"><tr><th>Exception</th></tr><tr><td><div class="stacktrace">java.lang.NullPointerException
	at com.proj.listeners.TestListenerImpl.onTestStart(TestListenerImpl.java:32)
	at java.base/java.util.ArrayList.forEach(ArrayList.java:1541)
... Removed 34 stack frames</div></td></tr></table><p class="totop"><a href="#summary">back to summary</a></p>
<h3 id="m20">com.projtest.mobile.demotest.DateTest#splitdate</h3><table class="result"><tr><th>Exception</th></tr><tr><td><div class="stacktrace">java.lang.NullPointerException
	at com.proj.listeners.TestListenerImpl.onTestStart(TestListenerImpl.java:32)
	at java.base/java.util.ArrayList.forEach(ArrayList.java:1541)
... Removed 34 stack frames</div></td></tr></table><p class="totop"><a href="#summary">back to summary</a></p>
<h3 id="m21">com.projtest.mobile.demotest.SampleTest#test</h3><table class="result"><tr><th>Exception</th></tr><tr><td><div class="stacktrace">java.lang.NullPointerException
	at com.proj.listeners.TestListenerImpl.onTestStart(TestListenerImpl.java:32)
	at java.base/java.util.ArrayList.forEach(ArrayList.java:1541)
... Removed 34 stack frames</div></td></tr></table><p class="totop"><a href="#summary">back to summary</a></p>
<h3 id="m22">com.projtest.web.SampleTest#test</h3><table class="result"><tr><th>Exception</th></tr><tr><td><div class="stacktrace">org.openqa.selenium.UnsupportedCommandException: The requested resource could not be found, or a request was received using an HTTP method that is not supported by the mapped resource
Build info: version: &apos;3.141.59&apos;, revision: &apos;e82be7d358&apos;, time: &apos;2018-11-14T08:17:03&apos;
System info: host: &apos;Surajkumars-MacBook-Pro.local&apos;, ip: &apos;fe80:0:0:0:486:29c1:8c2c:88e3%en0&apos;, os.name: &apos;Mac OS X&apos;, os.arch: &apos;x86_64&apos;, os.version: &apos;13.1&apos;, java.version: &apos;11.0.15&apos;
Driver info: io.appium.java_client.AppiumDriver
Capabilities {automationName: uiautomator2, databaseEnabled: false, desired: {automationName: uiautomator2, platformName: android, platformVersion: 12}, deviceApiLevel: 32, deviceManufacturer: Google, deviceModel: sdk_gphone64_arm64, deviceName: emulator-5554, deviceScreenDensity: 440, deviceScreenSize: 1080x2280, deviceUDID: emulator-5554, javascriptEnabled: true, locationContextEnabled: false, networkConnectionEnabled: true, pixelRatio: 2.75, platform: LINUX, platformName: ANDROID, platformVersion: 12, statBarHeight: 66, takesScreenshot: true, viewportRect: {height: 2170, left: 0, top: 66, width: 1080}, warnings: {}, webStorageEnabled: false}
Session ID: 96fb57a4-838f-4c11-a46c-238179f4dd37
	at org.openqa.selenium.remote.http.W3CHttpResponseCodec.createException(W3CHttpResponseCodec.java:187)
	at org.openqa.selenium.remote.http.W3CHttpResponseCodec.decode(W3CHttpResponseCodec.java:122)
	at org.openqa.selenium.remote.http.W3CHttpResponseCodec.decode(W3CHttpResponseCodec.java:49)
	at org.openqa.selenium.remote.HttpCommandExecutor.execute(HttpCommandExecutor.java:158)
	at io.appium.java_client.remote.AppiumCommandExecutor.execute(AppiumCommandExecutor.java:250)
	at org.openqa.selenium.remote.RemoteWebDriver.execute(RemoteWebDriver.java:552)
	at io.appium.java_client.DefaultGenericMobileDriver.execute(DefaultGenericMobileDriver.java:45)
	at io.appium.java_client.AppiumDriver.execute(AppiumDriver.java:1)
	at org.openqa.selenium.remote.RemoteWebDriver.getTitle(RemoteWebDriver.java:281)
	at com.projtest.web.SampleTest.test(SampleTest.java:15)
	at java.base/java.util.ArrayList.forEach(ArrayList.java:1541)
... Removed 41 stack frames</div></td></tr></table><p class="totop"><a href="#summary">back to summary</a></p>
<h3 id="m23">java8.TestAssignment#testLinks</h3><table class="result"><tr><th>Exception</th></tr><tr><td><div class="stacktrace">java.lang.NullPointerException
	at com.proj.listeners.TestListenerImpl.onTestStart(TestListenerImpl.java:32)
	at java.base/java.util.ArrayList.forEach(ArrayList.java:1541)
... Removed 34 stack frames</div></td></tr></table><p class="totop"><a href="#summary">back to summary</a></p>
<h3 id="m24">java8.TestAssignment#testLinks1</h3><table class="result"><tr><th>Exception</th></tr><tr><td><div class="stacktrace">java.lang.NullPointerException
	at com.proj.listeners.TestListenerImpl.onTestStart(TestListenerImpl.java:32)
	at java.base/java.util.ArrayList.forEach(ArrayList.java:1541)
... Removed 34 stack frames</div></td></tr></table><p class="totop"><a href="#summary">back to summary</a></p>
<h3 id="m25">javaPrectice.TestAssignment#testLinks</h3><table class="result"><tr><th>Exception</th></tr><tr><td><div class="stacktrace">java.lang.NullPointerException
	at com.proj.listeners.TestListenerImpl.onTestStart(TestListenerImpl.java:32)
	at java.base/java.util.ArrayList.forEach(ArrayList.java:1541)
... Removed 34 stack frames</div></td></tr></table><p class="totop"><a href="#summary">back to summary</a></p>
<h3 id="m26">javaPrectice.TestAssignment#testLinks1</h3><table class="result"><tr><th>Exception</th></tr><tr><td><div class="stacktrace">java.lang.NullPointerException
	at com.proj.listeners.TestListenerImpl.onTestStart(TestListenerImpl.java:32)
	at java.base/java.util.ArrayList.forEach(ArrayList.java:1541)
... Removed 34 stack frames</div></td></tr></table><p class="totop"><a href="#summary">back to summary</a></p>
<h3 id="m27">sdet.testdatasupplier.UseCase1Test#testDemo</h3><table class="result"><tr class="param"><th>Parameter #1</th></tr><tr class="param stripe"><td>1</td></tr><tr><th>Exception</th></tr><tr><td><div class="stacktrace">java.lang.NullPointerException
	at com.proj.listeners.TestListenerImpl.onTestStart(TestListenerImpl.java:32)
	at java.base/java.util.ArrayList.forEach(ArrayList.java:1541)
... Removed 34 stack frames</div></td></tr></table><p class="totop"><a href="#summary">back to summary</a></p>
<h3 id="m28">sdet.testdatasupplier.UseCase1Test#testDemo</h3><table class="result"><tr class="param"><th>Parameter #1</th></tr><tr class="param stripe"><td>3</td></tr><tr><th>Exception</th></tr><tr><td><div class="stacktrace">java.lang.NullPointerException
	at com.proj.listeners.TestListenerImpl.onTestStart(TestListenerImpl.java:32)
	at java.base/java.util.ArrayList.forEach(ArrayList.java:1541)
... Removed 34 stack frames</div></td></tr></table><p class="totop"><a href="#summary">back to summary</a></p>
<h3 id="m29">sdet.testdatasupplier.UseCase1Test#testDemo</h3><table class="result"><tr class="param"><th>Parameter #1</th></tr><tr class="param stripe"><td>2</td></tr><tr><th>Exception</th></tr><tr><td><div class="stacktrace">java.lang.NullPointerException
	at com.proj.listeners.TestListenerImpl.onTestStart(TestListenerImpl.java:32)
	at java.base/java.util.ArrayList.forEach(ArrayList.java:1541)
... Removed 34 stack frames</div></td></tr></table><p class="totop"><a href="#summary">back to summary</a></p>
<h3 id="m30">sdet.testdatasupplier.UseCase1Test#testDemo1</h3><table class="result"><tr class="param"><th>Parameter #1</th></tr><tr class="param stripe"><td>4</td></tr><tr><th>Exception</th></tr><tr><td><div class="stacktrace">java.lang.NullPointerException
	at com.proj.listeners.TestListenerImpl.onTestStart(TestListenerImpl.java:32)
	at java.base/java.util.ArrayList.forEach(ArrayList.java:1541)
... Removed 34 stack frames</div></td></tr></table><p class="totop"><a href="#summary">back to summary</a></p>
<h3 id="m31">sdet.testdatasupplier.UseCase1Test#testDemo1</h3><table class="result"><tr class="param"><th>Parameter #1</th></tr><tr class="param stripe"><td>6</td></tr><tr><th>Exception</th></tr><tr><td><div class="stacktrace">java.lang.NullPointerException
	at com.proj.listeners.TestListenerImpl.onTestStart(TestListenerImpl.java:32)
	at java.base/java.util.ArrayList.forEach(ArrayList.java:1541)
... Removed 34 stack frames</div></td></tr></table><p class="totop"><a href="#summary">back to summary</a></p>
<h3 id="m32">sdet.testdatasupplier.UseCase1Test#testDemo1</h3><table class="result"><tr class="param"><th>Parameter #1</th></tr><tr class="param stripe"><td>5</td></tr><tr><th>Exception</th></tr><tr><td><div class="stacktrace">java.lang.NullPointerException
	at com.proj.listeners.TestListenerImpl.onTestStart(TestListenerImpl.java:32)
	at java.base/java.util.ArrayList.forEach(ArrayList.java:1541)
... Removed 34 stack frames</div></td></tr></table><p class="totop"><a href="#summary">back to summary</a></p>
<h3 id="m33">sdet.testdatasupplier.UseCase1Test#testDemo2</h3><table class="result"><tr class="param"><th>Parameter #1</th></tr><tr class="param stripe"><td>9</td></tr><tr><th>Exception</th></tr><tr><td><div class="stacktrace">java.lang.NullPointerException
	at com.proj.listeners.TestListenerImpl.onTestStart(TestListenerImpl.java:32)
	at java.base/java.util.ArrayList.forEach(ArrayList.java:1541)
... Removed 34 stack frames</div></td></tr></table><p class="totop"><a href="#summary">back to summary</a></p>
<h3 id="m34">sdet.testdatasupplier.UseCase1Test#testDemo2</h3><table class="result"><tr class="param"><th>Parameter #1</th></tr><tr class="param stripe"><td>7</td></tr><tr><th>Exception</th></tr><tr><td><div class="stacktrace">java.lang.NullPointerException
	at com.proj.listeners.TestListenerImpl.onTestStart(TestListenerImpl.java:32)
	at java.base/java.util.ArrayList.forEach(ArrayList.java:1541)
... Removed 34 stack frames</div></td></tr></table><p class="totop"><a href="#summary">back to summary</a></p>
<h3 id="m35">sdet.testdatasupplier.UseCase1Test#testDemo3</h3><table class="result"><tr class="param"><th>Parameter #1</th><th>Parameter #2</th><th>Parameter #3</th></tr><tr class="param stripe"><td>a</td><td>b</td><td>c</td></tr><tr><th colspan="3">Exception</th></tr><tr><td colspan="3"><div class="stacktrace">java.lang.NullPointerException
	at com.proj.listeners.TestListenerImpl.onTestStart(TestListenerImpl.java:32)
	at java.base/java.util.ArrayList.forEach(ArrayList.java:1541)
... Removed 34 stack frames</div></td></tr></table><p class="totop"><a href="#summary">back to summary</a></p>
<h3 id="m36">sdet.testdatasupplier.UseCase2Test#readCsv</h3><table class="result"><tr class="param"><th>Parameter #1</th></tr><tr class="param stripe"><td>TestData1(fname=suraj, lname=n, mobileno=9876543210, isboolean=true)</td></tr><tr><th>Exception</th></tr><tr><td><div class="stacktrace">java.lang.NullPointerException
	at com.proj.listeners.TestListenerImpl.onTestStart(TestListenerImpl.java:32)
	at java.base/java.util.ArrayList.forEach(ArrayList.java:1541)
... Removed 34 stack frames</div></td></tr></table><p class="totop"><a href="#summary">back to summary</a></p>
<h3 id="m37">sdet.testdatasupplier.UseCase2Test#readCsv</h3><table class="result"><tr class="param"><th>Parameter #1</th></tr><tr class="param stripe"><td>TestData1(fname=sjn, lname=n, mobileno=9876543210, isboolean=false)</td></tr><tr><th>Exception</th></tr><tr><td><div class="stacktrace">java.lang.NullPointerException
	at com.proj.listeners.TestListenerImpl.onTestStart(TestListenerImpl.java:32)
	at java.base/java.util.ArrayList.forEach(ArrayList.java:1541)
... Removed 34 stack frames</div></td></tr></table><p class="totop"><a href="#summary">back to summary</a></p>
<h3 id="m38">sdet.testdatasupplier.UseCase2Test#readjson</h3><table class="result"><tr class="param"><th>Parameter #1</th></tr><tr class="param stripe"><td>TestData(fname=suraj3, lname=naganuri3, mobileno=9876543210, isboolean=true)</td></tr><tr><th>Exception</th></tr><tr><td><div class="stacktrace">java.lang.NullPointerException
	at com.proj.listeners.TestListenerImpl.onTestStart(TestListenerImpl.java:32)
	at java.base/java.util.ArrayList.forEach(ArrayList.java:1541)
... Removed 34 stack frames</div></td></tr></table><p class="totop"><a href="#summary">back to summary</a></p>
<h3 id="m39">sdet.testdatasupplier.UseCase2Test#readjson</h3><table class="result"><tr class="param"><th>Parameter #1</th></tr><tr class="param stripe"><td>TestData(fname=suraj1, lname=naganuri1, mobileno=9876543210, isboolean=true)</td></tr><tr><th>Exception</th></tr><tr><td><div class="stacktrace">java.lang.NullPointerException
	at com.proj.listeners.TestListenerImpl.onTestStart(TestListenerImpl.java:32)
	at java.base/java.util.ArrayList.forEach(ArrayList.java:1541)
... Removed 34 stack frames</div></td></tr></table><p class="totop"><a href="#summary">back to summary</a></p>
<h3 id="m40">sdet.testdatasupplier.UseCase2Test#readjson</h3><table class="result"><tr class="param"><th>Parameter #1</th></tr><tr class="param stripe"><td>TestData(fname=suraj5, lname=naganuri5, mobileno=9876543210, isboolean=false)</td></tr><tr><th>Exception</th></tr><tr><td><div class="stacktrace">java.lang.NullPointerException
	at com.proj.listeners.TestListenerImpl.onTestStart(TestListenerImpl.java:32)
	at java.base/java.util.ArrayList.forEach(ArrayList.java:1541)
... Removed 34 stack frames</div></td></tr></table><p class="totop"><a href="#summary">back to summary</a></p>
<h3 id="m41">sdet.testdatasupplier.UseCase2Test#readjson</h3><table class="result"><tr class="param"><th>Parameter #1</th></tr><tr class="param stripe"><td>TestData(fname=suraj4, lname=naganuri4, mobileno=9876543210, isboolean=false)</td></tr><tr><th>Exception</th></tr><tr><td><div class="stacktrace">java.lang.NullPointerException
	at com.proj.listeners.TestListenerImpl.onTestStart(TestListenerImpl.java:32)
	at java.base/java.util.ArrayList.forEach(ArrayList.java:1541)
... Removed 34 stack frames</div></td></tr></table><p class="totop"><a href="#summary">back to summary</a></p>
<h3 id="m42">sdet.testdatasupplier.UseCase2Test#readjson</h3><table class="result"><tr class="param"><th>Parameter #1</th></tr><tr class="param stripe"><td>TestData(fname=suraj2, lname=naganuri2, mobileno=9876543210, isboolean=true)</td></tr><tr><th>Exception</th></tr><tr><td><div class="stacktrace">java.lang.NullPointerException
	at com.proj.listeners.TestListenerImpl.onTestStart(TestListenerImpl.java:32)
	at java.base/java.util.ArrayList.forEach(ArrayList.java:1541)
... Removed 34 stack frames</div></td></tr></table><p class="totop"><a href="#summary">back to summary</a></p>
<h3 id="m43">sdet.testdatasupplier.UseCase3Test#testDemo</h3><table class="result"><tr class="param"><th>Parameter #1</th></tr><tr class="param stripe"><td>[testing, testingtest]</td></tr><tr><th>Exception</th></tr><tr><td><div class="stacktrace">java.lang.NullPointerException
	at com.proj.listeners.TestListenerImpl.onTestStart(TestListenerImpl.java:32)
	at java.base/java.util.ArrayList.forEach(ArrayList.java:1541)
... Removed 34 stack frames</div></td></tr></table><p class="totop"><a href="#summary">back to summary</a></p>
<h3 id="m44">sdet.testdatasupplier.UseCase3Test#testDemo</h3><table class="result"><tr class="param"><th>Parameter #1</th></tr><tr class="param stripe"><td>[automation, automationtest]</td></tr><tr><th>Exception</th></tr><tr><td><div class="stacktrace">java.lang.NullPointerException
	at com.proj.listeners.TestListenerImpl.onTestStart(TestListenerImpl.java:32)
	at java.base/java.util.ArrayList.forEach(ArrayList.java:1541)
... Removed 34 stack frames</div></td></tr></table><p class="totop"><a href="#summary">back to summary</a></p>
<h3 id="m45">sdet.testdatasupplier.UseCase3Test#testDemo</h3><table class="result"><tr class="param"><th>Parameter #1</th></tr><tr class="param stripe"><td>[suraj, surajtest]</td></tr><tr><th>Exception</th></tr><tr><td><div class="stacktrace">java.lang.NullPointerException
	at com.proj.listeners.TestListenerImpl.onTestStart(TestListenerImpl.java:32)
	at java.base/java.util.ArrayList.forEach(ArrayList.java:1541)
... Removed 34 stack frames</div></td></tr></table><p class="totop"><a href="#summary">back to summary</a></p>
<h3 id="m46">sdet.testdatasupplier.UseCase3Test#testDemo1</h3><table class="result"><tr class="param"><th>Parameter #1</th><th>Parameter #2</th></tr><tr class="param stripe"><td>automation</td><td>automationtest</td></tr><tr><th colspan="2">Exception</th></tr><tr><td colspan="2"><div class="stacktrace">java.lang.NullPointerException
	at com.proj.listeners.TestListenerImpl.onTestStart(TestListenerImpl.java:32)
	at java.base/java.util.ArrayList.forEach(ArrayList.java:1541)
... Removed 34 stack frames</div></td></tr></table><p class="totop"><a href="#summary">back to summary</a></p>
<h3 id="m47">sdet.testdatasupplier.UseCase3Test#testDemo1</h3><table class="result"><tr class="param"><th>Parameter #1</th><th>Parameter #2</th></tr><tr class="param stripe"><td>testing</td><td>testingtest</td></tr><tr><th colspan="2">Exception</th></tr><tr><td colspan="2"><div class="stacktrace">java.lang.NullPointerException
	at com.proj.listeners.TestListenerImpl.onTestStart(TestListenerImpl.java:32)
	at java.base/java.util.ArrayList.forEach(ArrayList.java:1541)
... Removed 34 stack frames</div></td></tr></table><p class="totop"><a href="#summary">back to summary</a></p>
<h3 id="m48">sdet.testdatasupplier.UseCase3Test#testDemo1</h3><table class="result"><tr class="param"><th>Parameter #1</th><th>Parameter #2</th></tr><tr class="param stripe"><td>suraj</td><td>surajtest</td></tr><tr><th colspan="2">Exception</th></tr><tr><td colspan="2"><div class="stacktrace">java.lang.NullPointerException
	at com.proj.listeners.TestListenerImpl.onTestStart(TestListenerImpl.java:32)
	at java.base/java.util.ArrayList.forEach(ArrayList.java:1541)
... Removed 34 stack frames</div></td></tr></table><p class="totop"><a href="#summary">back to summary</a></p>
<h3 id="m49">sdet.externalfilereading.excelfile.zerocell.ZerocellTestDataTest#zerocell</h3><table class="result"><tr><th>Exception</th></tr><tr><td><div class="stacktrace">java.lang.RuntimeException: java.lang.ExceptionInInitializerError
	at java.base/java.util.ArrayList.forEach(ArrayList.java:1541)
Caused by: java.lang.ExceptionInInitializerError
	at sdet.externalfilereading.excelfile.zerocell.ZerocellTestDataTest.getData(ZerocellTestDataTest.java:22)
	... 35 more
Caused by: org.apache.poi.openxml4j.exceptions.InvalidOperationException: Can&apos;t open the specified file input stream from file: &apos;./src/test/resources/testdata.xlsx&apos;
	at org.apache.poi.openxml4j.opc.ZipPackage.openZipEntrySourceStream(ZipPackage.java:162)
	at org.apache.poi.openxml4j.opc.ZipPackage.&lt;init&gt;(ZipPackage.java:149)
	at org.apache.poi.openxml4j.opc.OPCPackage.open(OPCPackage.java:282)
	at com.creditdatamw.zerocell.ReaderUtil.process(ReaderUtil.java:60)
	at com.creditdatamw.zerocell.handler.EntityHandler.process(EntityHandler.java:130)
	at com.creditdatamw.zerocell.Reader$ReaderBuilder.list(Reader.java:119)
	at sdet.externalfilereading.excelfile.zerocell.ZeroCellReader.&lt;clinit&gt;(ZeroCellReader.java:20)
	... 43 more
Caused by: java.io.FileNotFoundException: ./src/test/resources/testdata.xlsx (No such file or directory)
	at java.base/java.io.FileInputStream.open0(Native Method)
	at java.base/java.io.FileInputStream.open(FileInputStream.java:219)
	at java.base/java.io.FileInputStream.&lt;init&gt;(FileInputStream.java:157)
	at org.apache.poi.openxml4j.opc.ZipPackage.openZipEntrySourceStream(ZipPackage.java:159)
	... 49 more
... Removed 42 stack frames</div></td></tr></table><p class="totop"><a href="#summary">back to summary</a></p>
<h3 id="m50">sdet.fixtures.PostEmployeeTest#postEmployeeTest</h3><table class="result"><tr><th>Exception</th></tr><tr><td><div class="stacktrace">java.lang.RuntimeException: java.lang.ArrayIndexOutOfBoundsException: Index 18750 out of bounds for length 1991
	at java.base/java.util.ArrayList.forEach(ArrayList.java:1541)
Caused by: java.lang.ArrayIndexOutOfBoundsException: Index 18750 out of bounds for length 1991
	at com.thoughtworks.paranamer.BytecodeReadingParanamer$ClassReader.&lt;init&gt;(BytecodeReadingParanamer.java:451)
	at com.thoughtworks.paranamer.BytecodeReadingParanamer$ClassReader.&lt;init&gt;(BytecodeReadingParanamer.java:431)
	at com.thoughtworks.paranamer.BytecodeReadingParanamer$ClassReader.&lt;init&gt;(BytecodeReadingParanamer.java:492)
	at com.thoughtworks.paranamer.BytecodeReadingParanamer$ClassReader.&lt;init&gt;(BytecodeReadingParanamer.java:337)
	at com.thoughtworks.paranamer.BytecodeReadingParanamer.lookupParameterNames(BytecodeReadingParanamer.java:100)
	at com.thoughtworks.paranamer.AdaptiveParanamer.lookupParameterNames(AdaptiveParanamer.java:75)
	at br.com.six2six.fixturefactory.util.ReflectionUtils.lookupParameterNames(ReflectionUtils.java:133)
	at br.com.six2six.fixturefactory.util.ReflectionUtils.filterConstructorParameters(ReflectionUtils.java:121)
	at br.com.six2six.fixturefactory.ObjectFactory.lookupConstructorParameterNames(ObjectFactory.java:245)
	at br.com.six2six.fixturefactory.ObjectFactory.createObject(ObjectFactory.java:102)
	at br.com.six2six.fixturefactory.ObjectFactory.gimme(ObjectFactory.java:62)
	at sdet.fixtures.PostEmployeeTest.getData(PostEmployeeTest.java:23)
	... 35 more
... Removed 42 stack frames</div></td></tr></table><p class="totop"><a href="#summary">back to summary</a></p>
<h3 id="m51">sdet.testdatasupplier.UseCase2Test#readXlsx</h3><table class="result"><tr><th>Exception</th></tr><tr><td><div class="stacktrace">java.lang.RuntimeException: org.joor.ReflectException: java.lang.reflect.InvocationTargetException
	at java.base/java.util.ArrayList.forEach(ArrayList.java:1541)
	at org.joor.Reflect.on(Reflect.java:914)
	at org.joor.Reflect.call(Reflect.java:575)
	at io.github.sskorol.utils.ReflectionUtils.invokeDataSupplier(ReflectionUtils.java:69)
	at io.github.sskorol.model.DataSupplierMetaData.obtainReturnValue(DataSupplierMetaData.java:54)
	at io.github.sskorol.model.DataSupplierMetaData.transform(DataSupplierMetaData.java:40)
	at io.github.sskorol.model.DataSupplierMetaData.&lt;init&gt;(DataSupplierMetaData.java:36)
	at io.github.sskorol.core.DataProviderTransformer.getMetaData(DataProviderTransformer.java:43)
	at io.github.sskorol.core.DataProviderTransformer.supplySeqData(DataProviderTransformer.java:23)
	... 35 more
	at org.joor.Reflect.on(Reflect.java:910)
	... 49 more
	at org.joor.Reflect.on(Reflect.java:914)
	at org.joor.Reflect.call(Reflect.java:575)
	at org.joor.Reflect.call(Reflect.java:528)
	at io.github.sskorol.data.TestDataReader$DataBuilder.read(TestDataReader.java:54)
	at sdet.testdatasupplier.UseCase2Test.getDataFromExcel(UseCase2Test.java:65)
	... 54 more
	at org.joor.Reflect.on(Reflect.java:910)
	... 58 more
Caused by: java.lang.IllegalArgumentException: Unable to read XLSX data to class sdet.testdatasupplier.TestData. Check provided path.
	at io.github.sskorol.data.XlsxReader.read(XlsxReader.java:37)
	... 63 more
Caused by: com.creditdatamw.zerocell.ZeroCellException: Cannot load file. The file must be an Excel 2007+ Workbook (.xlsx)
	at com.creditdatamw.zerocell.ReaderUtil.process(ReaderUtil.java:63)
	at com.creditdatamw.zerocell.handler.EntityHandler.process(EntityHandler.java:130)
	at com.creditdatamw.zerocell.Reader$ReaderBuilder.list(Reader.java:119)
	at io.github.sskorol.data.XlsxReader.read(XlsxReader.java:34)
	... 63 more
... Removed 54 stack frames</div></td></tr></table><p class="totop"><a href="#summary">back to summary</a></p>
<h3 id="m52">sdet.testdatasupplier.UseCase2Test#suraj2</h3><table class="result"><tr><th>Exception</th></tr><tr><td><div class="stacktrace">java.lang.RuntimeException: org.joor.ReflectException: java.lang.reflect.InvocationTargetException
	at java.base/java.util.ArrayList.forEach(ArrayList.java:1541)
	at org.joor.Reflect.on(Reflect.java:914)
	at org.joor.Reflect.call(Reflect.java:575)
	at io.github.sskorol.utils.ReflectionUtils.invokeDataSupplier(ReflectionUtils.java:69)
	at io.github.sskorol.model.DataSupplierMetaData.obtainReturnValue(DataSupplierMetaData.java:54)
	at io.github.sskorol.model.DataSupplierMetaData.transform(DataSupplierMetaData.java:40)
	at io.github.sskorol.model.DataSupplierMetaData.&lt;init&gt;(DataSupplierMetaData.java:36)
	at io.github.sskorol.core.DataProviderTransformer.getMetaData(DataProviderTransformer.java:43)
	at io.github.sskorol.core.DataProviderTransformer.supplySeqData(DataProviderTransformer.java:23)
	... 35 more
	at org.joor.Reflect.on(Reflect.java:910)
	... 49 more
	at org.joor.Reflect.on(Reflect.java:914)
	at org.joor.Reflect.call(Reflect.java:575)
	at org.joor.Reflect.call(Reflect.java:528)
	at io.github.sskorol.data.TestDataReader$DataBuilder.read(TestDataReader.java:54)
	at sdet.testdatasupplier.UseCase2Test.getDataFromExcel1(UseCase2Test.java:77)
	... 54 more
	at org.joor.Reflect.on(Reflect.java:910)
	... 58 more
Caused by: java.lang.IllegalArgumentException: Unable to read XLSX data to class sdet.testdatasupplier.TestData. Check provided path.
	at io.github.sskorol.data.XlsxReader.read(XlsxReader.java:37)
	... 63 more
Caused by: com.creditdatamw.zerocell.ZeroCellException: Cannot load file. The file must be an Excel 2007+ Workbook (.xlsx)
	at com.creditdatamw.zerocell.ReaderUtil.process(ReaderUtil.java:63)
	at com.creditdatamw.zerocell.handler.EntityHandler.process(EntityHandler.java:130)
	at com.creditdatamw.zerocell.Reader$ReaderBuilder.list(Reader.java:119)
	at io.github.sskorol.data.XlsxReader.read(XlsxReader.java:34)
	... 63 more
... Removed 54 stack frames</div></td></tr></table><p class="totop"><a href="#summary">back to summary</a></p>
<h3 id="m53">sdet.testdatasupplier.UseCase2Test#testDemo</h3><table class="result"><tr><th>Exception</th></tr><tr><td><div class="stacktrace">java.lang.RuntimeException: java.io.FileNotFoundException: /Users/surajkumarnaganuri/IdeaProjects/commonFrameWork/src/test/resources/testdata.json (No such file or directory)
	at java.base/java.util.ArrayList.forEach(ArrayList.java:1541)
Caused by: java.io.FileNotFoundException: /Users/surajkumarnaganuri/IdeaProjects/commonFrameWork/src/test/resources/testdata.json (No such file or directory)
	at java.base/java.io.FileInputStream.open0(Native Method)
	at java.base/java.io.FileInputStream.open(FileInputStream.java:219)
	at java.base/java.io.FileInputStream.&lt;init&gt;(FileInputStream.java:157)
	at com.fasterxml.jackson.core.JsonFactory.createParser(JsonFactory.java:1029)
	at com.fasterxml.jackson.databind.ObjectMapper.readValue(ObjectMapper.java:3514)
	at sdet.testdatasupplier.UseCase2Test.getData(UseCase2Test.java:24)
	... 35 more
... Removed 42 stack frames</div></td></tr></table><p class="totop"><a href="#summary">back to summary</a></p>
<h3 id="m54">com.projtest.mobile.demotest.LoginPageTest#homePageValidation</h3><table class="result"><tr><th class="invisible"/></tr></table><p class="totop"><a href="#summary">back to summary</a></p>
</body>
</html>
